Determining if the pthread_create exist failed with the following output:
Change Dir: /home/roboy/workspace/spinnaker_lsm/myoarm_small_FPGA/build/CMakeFiles/CMakeTmp

Run Build Command:"/home/roboy/intelFPGA/17.0/embedded/ds-5/bin/make" "cmTC_ecfcd/fast"
/home/roboy/intelFPGA/17.0/embedded/ds-5/bin/make -f CMakeFiles/cmTC_ecfcd.dir/build.make CMakeFiles/cmTC_ecfcd.dir/build
make[1]: Entering directory '/home/roboy/workspace/spinnaker_lsm/myoarm_small_FPGA/build/CMakeFiles/CMakeTmp'
Building C object CMakeFiles/cmTC_ecfcd.dir/CheckSymbolExists.c.o
/usr/bin/cc     -o CMakeFiles/cmTC_ecfcd.dir/CheckSymbolExists.c.o   -c /home/roboy/workspace/spinnaker_lsm/myoarm_small_FPGA/build/CMakeFiles/CMakeTmp/CheckSymbolExists.c
Linking C executable cmTC_ecfcd
/usr/bin/cmake -E cmake_link_script CMakeFiles/cmTC_ecfcd.dir/link.txt --verbose=1
/usr/bin/cc       CMakeFiles/cmTC_ecfcd.dir/CheckSymbolExists.c.o  -o cmTC_ecfcd -rdynamic 
CMakeFiles/cmTC_ecfcd.dir/CheckSymbolExists.c.o: In function `main':
CheckSymbolExists.c:(.text+0x16): undefined reference to `pthread_create'
collect2: error: ld returned 1 exit status
CMakeFiles/cmTC_ecfcd.dir/build.make:97: recipe for target 'cmTC_ecfcd' failed
make[1]: *** [cmTC_ecfcd] Error 1
make[1]: Leaving directory '/home/roboy/workspace/spinnaker_lsm/myoarm_small_FPGA/build/CMakeFiles/CMakeTmp'
Makefile:126: recipe for target 'cmTC_ecfcd/fast' failed
make: *** [cmTC_ecfcd/fast] Error 2

File /home/roboy/workspace/spinnaker_lsm/myoarm_small_FPGA/build/CMakeFiles/CMakeTmp/CheckSymbolExists.c:
/* */
#include <pthread.h>

int main(int argc, char** argv)
{
  (void)argv;
#ifndef pthread_create
  return ((int*)(&pthread_create))[argc];
#else
  (void)argc;
  return 0;
#endif
}

Determining if the function pthread_create exists in the pthreads failed with the following output:
Change Dir: /home/roboy/workspace/spinnaker_lsm/myoarm_small_FPGA/build/CMakeFiles/CMakeTmp

Run Build Command:"/home/roboy/intelFPGA/17.0/embedded/ds-5/bin/make" "cmTC_c3e81/fast"
/home/roboy/intelFPGA/17.0/embedded/ds-5/bin/make -f CMakeFiles/cmTC_c3e81.dir/build.make CMakeFiles/cmTC_c3e81.dir/build
make[1]: Entering directory '/home/roboy/workspace/spinnaker_lsm/myoarm_small_FPGA/build/CMakeFiles/CMakeTmp'
Building C object CMakeFiles/cmTC_c3e81.dir/CheckFunctionExists.c.o
/usr/bin/cc    -DCHECK_FUNCTION_EXISTS=pthread_create   -o CMakeFiles/cmTC_c3e81.dir/CheckFunctionExists.c.o   -c /usr/share/cmake-3.5/Modules/CheckFunctionExists.c
Linking C executable cmTC_c3e81
/usr/bin/cmake -E cmake_link_script CMakeFiles/cmTC_c3e81.dir/link.txt --verbose=1
/usr/bin/cc   -DCHECK_FUNCTION_EXISTS=pthread_create    CMakeFiles/cmTC_c3e81.dir/CheckFunctionExists.c.o  -o cmTC_c3e81 -rdynamic -lpthreads 
/usr/bin/ld: cannot find -lpthreads
collect2: error: ld returned 1 exit status
CMakeFiles/cmTC_c3e81.dir/build.make:97: recipe for target 'cmTC_c3e81' failed
make[1]: *** [cmTC_c3e81] Error 1
make[1]: Leaving directory '/home/roboy/workspace/spinnaker_lsm/myoarm_small_FPGA/build/CMakeFiles/CMakeTmp'
Makefile:126: recipe for target 'cmTC_c3e81/fast' failed
make: *** [cmTC_c3e81/fast] Error 2


