Router contains 16 entries
Index Key        Mask       Route      Default [Cores][Links]
----- ---------- ---------- ---------- ------- --------------
    0 0x00000500 0xFFFFFF80 0x00400000 False   [16] []
    1 0x00000680 0xFFFFFF80 0x00400000 False   [16] []
    2 0x00000300 0xFFFFFF80 0x00400000 False   [16] []
    3 0x00000200 0xFFFFFF80 0x00400000 False   [16] []
    4 0x00000400 0xFFFFFF80 0x00400000 False   [16] []
    5 0x00000180 0xFFFFFF80 0x00400001 False   [16] [E]
    6 0x00000480 0xFFFFFF80 0x00400000 False   [16] []
    7 0x00000380 0xFFFFFF80 0x00400000 False   [16] []
    8 0x00000700 0xFFFFFF80 0x00400000 False   [16] []
    9 0x00000600 0xFFFFFF80 0x00400000 False   [16] []
   10 0x00000000 0xFFFFFF80 0x00400000 False   [16] []
   11 0x00000100 0xFFFFFF80 0x00400000 False   [16] []
   12 0x00000080 0xFFFFFF80 0x00400000 False   [16] []
   13 0x00000780 0xFFFFFFE0 0x00400000 False   [16] []
   14 0x00000280 0xFFFFFF80 0x00400000 False   [16] []
   15 0x00000580 0xFFFFFF80 0x00400000 False   [16] []
0 Defaultable entries
