Router contains 16 entries
Index Key        Mask       Route      Default [Cores][Links]
----- ---------- ---------- ---------- ------- --------------
    0 0x00000500 0xFFFFFF80 0x001FFF88 False   [1, 2, 3, 4, 5, 6, 7, 8, 9, 10, 11, 12, 13, 14] [W]
    1 0x00000680 0xFFFFFF80 0x001FFF88 False   [1, 2, 3, 4, 5, 6, 7, 8, 9, 10, 11, 12, 13, 14] [W]
    2 0x00000300 0xFFFFFF80 0x001FFF88 False   [1, 2, 3, 4, 5, 6, 7, 8, 9, 10, 11, 12, 13, 14] [W]
    3 0x00000200 0xFFFFFF80 0x001FFF88 False   [1, 2, 3, 4, 5, 6, 7, 8, 9, 10, 11, 12, 13, 14] [W]
    4 0x00000400 0xFFFFFF80 0x001FFF88 False   [1, 2, 3, 4, 5, 6, 7, 8, 9, 10, 11, 12, 13, 14] [W]
    5 0x00000180 0xFFFFFF80 0x001FFF80 False   [1, 2, 3, 4, 5, 6, 7, 8, 9, 10, 11, 12, 13, 14] []
    6 0x00000480 0xFFFFFF80 0x001FFF88 False   [1, 2, 3, 4, 5, 6, 7, 8, 9, 10, 11, 12, 13, 14] [W]
    7 0x00000380 0xFFFFFF80 0x001FFF88 False   [1, 2, 3, 4, 5, 6, 7, 8, 9, 10, 11, 12, 13, 14] [W]
    8 0x00000700 0xFFFFFF80 0x001FFF88 False   [1, 2, 3, 4, 5, 6, 7, 8, 9, 10, 11, 12, 13, 14] [W]
    9 0x00000600 0xFFFFFF80 0x001FFF88 False   [1, 2, 3, 4, 5, 6, 7, 8, 9, 10, 11, 12, 13, 14] [W]
   10 0x00000000 0xFFFFFF80 0x001FFF88 False   [1, 2, 3, 4, 5, 6, 7, 8, 9, 10, 11, 12, 13, 14] [W]
   11 0x00000100 0xFFFFFF80 0x001FFF88 False   [1, 2, 3, 4, 5, 6, 7, 8, 9, 10, 11, 12, 13, 14] [W]
   12 0x00000080 0xFFFFFF80 0x001FFF88 False   [1, 2, 3, 4, 5, 6, 7, 8, 9, 10, 11, 12, 13, 14] [W]
   13 0x00000780 0xFFFFFFE0 0x001FFF88 False   [1, 2, 3, 4, 5, 6, 7, 8, 9, 10, 11, 12, 13, 14] [W]
   14 0x00000280 0xFFFFFF80 0x001FFF88 False   [1, 2, 3, 4, 5, 6, 7, 8, 9, 10, 11, 12, 13, 14] [W]
   15 0x00000580 0xFFFFFF80 0x001FFF88 False   [1, 2, 3, 4, 5, 6, 7, 8, 9, 10, 11, 12, 13, 14] [W]
0 Defaultable entries
