        Placement Information by Vertex
        ===============================

Generated: Wed Nov  2 13:22:33 2016 for target machine '192.168.240.36'

**** Vertex: 'Excitatory_Cells'
Model: <bound method IzkCondExp.model_name of Excitatory_Cells with 1200 atoms>
Pop size: 1200
Sub-vertices: 
  Slice 0:99 (100 atoms) 
  Slice 100:199 (100 atoms) 
  Slice 200:299 (100 atoms) 
  Slice 300:399 (100 atoms) 
  Slice 400:499 (100 atoms) 
  Slice 500:599 (100 atoms) 
  Slice 600:699 (100 atoms) 
  Slice 700:799 (100 atoms) 
  Slice 800:899 (100 atoms) 
  Slice 900:999 (100 atoms) 
  Slice 1000:1099 (100 atoms) 
  Slice 1100:1199 (100 atoms) 

**** Vertex: 'Excitatory_Cells'
Model: <bound method IzkCondExp.model_name of Excitatory_Cells with 1200 atoms>
Pop size: 1200
Sub-vertices: 
  Slice 0:99 (100 atoms) 
  Slice 100:199 (100 atoms) 
  Slice 200:299 (100 atoms) 
  Slice 300:399 (100 atoms) 
  Slice 400:499 (100 atoms) 
  Slice 500:599 (100 atoms) 
  Slice 600:699 (100 atoms) 
  Slice 700:799 (100 atoms) 
  Slice 800:899 (100 atoms) 
  Slice 900:999 (100 atoms) 
  Slice 1000:1099 (100 atoms) 
  Slice 1100:1199 (100 atoms) 

**** Vertex: 'Inhibitory_Cells'
Model: <bound method IzkCondExp.model_name of Inhibitory_Cells with 300 atoms>
Pop size: 300
Sub-vertices: 
  Slice 0:99 (100 atoms) 
  Slice 100:199 (100 atoms) 
  Slice 200:299 (100 atoms) 

**** Vertex: 'Inhibitory_Cells'
Model: <bound method IzkCondExp.model_name of Inhibitory_Cells with 300 atoms>
Pop size: 300
Sub-vertices: 
  Slice 0:99 (100 atoms) 
  Slice 100:199 (100 atoms) 
  Slice 200:299 (100 atoms) 

**** Vertex: 'expoisson'
Model: SpikeSourcePoisson
Pop size: 20
Sub-vertices: 
  Slice 0:19 (20 atoms) 

