Determining if the pthread_create exist failed with the following output:
Change Dir: /home/roboy/workspace/spinnaker_lsm/build/CMakeFiles/CMakeTmp

Run Build Command:"/home/roboy/intelFPGA/17.0/embedded/ds-5/bin/make" "cmTC_f6415/fast"
/home/roboy/intelFPGA/17.0/embedded/ds-5/bin/make -f CMakeFiles/cmTC_f6415.dir/build.make CMakeFiles/cmTC_f6415.dir/build
make[1]: Entering directory '/home/roboy/workspace/spinnaker_lsm/build/CMakeFiles/CMakeTmp'
Building C object CMakeFiles/cmTC_f6415.dir/CheckSymbolExists.c.o
/usr/bin/cc     -o CMakeFiles/cmTC_f6415.dir/CheckSymbolExists.c.o   -c /home/roboy/workspace/spinnaker_lsm/build/CMakeFiles/CMakeTmp/CheckSymbolExists.c
Linking C executable cmTC_f6415
/usr/bin/cmake -E cmake_link_script CMakeFiles/cmTC_f6415.dir/link.txt --verbose=1
/usr/bin/cc       CMakeFiles/cmTC_f6415.dir/CheckSymbolExists.c.o  -o cmTC_f6415 -rdynamic 
CMakeFiles/cmTC_f6415.dir/CheckSymbolExists.c.o: In function `main':
CheckSymbolExists.c:(.text+0x16): undefined reference to `pthread_create'
collect2: error: ld returned 1 exit status
CMakeFiles/cmTC_f6415.dir/build.make:97: recipe for target 'cmTC_f6415' failed
make[1]: *** [cmTC_f6415] Error 1
make[1]: Leaving directory '/home/roboy/workspace/spinnaker_lsm/build/CMakeFiles/CMakeTmp'
Makefile:126: recipe for target 'cmTC_f6415/fast' failed
make: *** [cmTC_f6415/fast] Error 2

File /home/roboy/workspace/spinnaker_lsm/build/CMakeFiles/CMakeTmp/CheckSymbolExists.c:
/* */
#include <pthread.h>

int main(int argc, char** argv)
{
  (void)argv;
#ifndef pthread_create
  return ((int*)(&pthread_create))[argc];
#else
  (void)argc;
  return 0;
#endif
}

Determining if the function pthread_create exists in the pthreads failed with the following output:
Change Dir: /home/roboy/workspace/spinnaker_lsm/build/CMakeFiles/CMakeTmp

Run Build Command:"/home/roboy/intelFPGA/17.0/embedded/ds-5/bin/make" "cmTC_0ee43/fast"
/home/roboy/intelFPGA/17.0/embedded/ds-5/bin/make -f CMakeFiles/cmTC_0ee43.dir/build.make CMakeFiles/cmTC_0ee43.dir/build
make[1]: Entering directory '/home/roboy/workspace/spinnaker_lsm/build/CMakeFiles/CMakeTmp'
Building C object CMakeFiles/cmTC_0ee43.dir/CheckFunctionExists.c.o
/usr/bin/cc    -DCHECK_FUNCTION_EXISTS=pthread_create   -o CMakeFiles/cmTC_0ee43.dir/CheckFunctionExists.c.o   -c /usr/share/cmake-3.5/Modules/CheckFunctionExists.c
Linking C executable cmTC_0ee43
/usr/bin/cmake -E cmake_link_script CMakeFiles/cmTC_0ee43.dir/link.txt --verbose=1
/usr/bin/cc   -DCHECK_FUNCTION_EXISTS=pthread_create    CMakeFiles/cmTC_0ee43.dir/CheckFunctionExists.c.o  -o cmTC_0ee43 -rdynamic -lpthreads 
/usr/bin/ld: cannot find -lpthreads
collect2: error: ld returned 1 exit status
CMakeFiles/cmTC_0ee43.dir/build.make:97: recipe for target 'cmTC_0ee43' failed
make[1]: *** [cmTC_0ee43] Error 1
make[1]: Leaving directory '/home/roboy/workspace/spinnaker_lsm/build/CMakeFiles/CMakeTmp'
Makefile:126: recipe for target 'cmTC_0ee43/fast' failed
make: *** [cmTC_0ee43/fast] Error 2


