        Placement Information by Vertex
        ===============================

Generated: Tue Feb 14 11:21:27 2017 for target machine '192.168.240.36'

**** Vertex: 'LiveSpikeReceiver'
Model: LivePacketGather
Pop size: 1
Machine Vertices: 
  Slice 0:0 (1 atoms) on core (0, 0, 1) 

**** Vertex: 'Population 0'
Model: SpikeSourcePoisson
Pop size: 1
Machine Vertices: 
  Slice 0:0 (1 atoms) on core (0, 0, 3) 

**** Vertex: 'injector0'
Model: SpikeInjector
Pop size: 1
Machine Vertices: 
  Slice 0:0 (1 atoms) on core (0, 0, 4) 

**** Vertex: 'pop'
Model: IFCurrExp
Pop size: 1
Machine Vertices: 
  Slice 0:0 (1 atoms) on core (0, 0, 2) 

