        Placement Information by Vertex
        ===============================

Generated: Wed Nov  2 13:27:32 2016 for target machine '192.168.240.36'

**** Vertex: 'Excitatory_Cells'
Model: <bound method IzkCondExp.model_name of Excitatory_Cells with 1200 atoms>
Pop size: 1200
Sub-vertices: 
  Slice 0:49 (50 atoms) on core (0, 0, 1) 
  Slice 50:99 (50 atoms) on core (0, 0, 2) 
  Slice 100:149 (50 atoms) on core (0, 0, 3) 
  Slice 150:199 (50 atoms) on core (0, 0, 4) 
  Slice 200:249 (50 atoms) on core (0, 0, 5) 
  Slice 250:299 (50 atoms) on core (0, 0, 6) 
  Slice 300:349 (50 atoms) on core (0, 0, 7) 
  Slice 350:399 (50 atoms) on core (0, 0, 8) 
  Slice 400:449 (50 atoms) on core (0, 0, 9) 
  Slice 450:499 (50 atoms) on core (0, 0, 10) 
  Slice 500:549 (50 atoms) on core (0, 0, 11) 
  Slice 550:599 (50 atoms) on core (0, 0, 12) 
  Slice 600:649 (50 atoms) on core (0, 0, 13) 
  Slice 650:699 (50 atoms) on core (0, 0, 14) 
  Slice 700:749 (50 atoms) on core (0, 0, 15) 
  Slice 750:799 (50 atoms) on core (0, 0, 16) 
  Slice 800:849 (50 atoms) on core (1, 0, 1) 
  Slice 850:899 (50 atoms) on core (1, 0, 2) 
  Slice 900:949 (50 atoms) on core (1, 0, 3) 
  Slice 950:999 (50 atoms) on core (1, 0, 4) 
  Slice 1000:1049 (50 atoms) on core (1, 0, 5) 
  Slice 1050:1099 (50 atoms) on core (1, 0, 6) 
  Slice 1100:1149 (50 atoms) on core (1, 0, 7) 
  Slice 1150:1199 (50 atoms) on core (1, 0, 8) 

**** Vertex: 'Inhibitory_Cells'
Model: <bound method IzkCondExp.model_name of Inhibitory_Cells with 300 atoms>
Pop size: 300
Sub-vertices: 
  Slice 0:49 (50 atoms) on core (1, 0, 9) 
  Slice 50:99 (50 atoms) on core (1, 0, 10) 
  Slice 100:149 (50 atoms) on core (1, 0, 11) 
  Slice 150:199 (50 atoms) on core (1, 0, 12) 
  Slice 200:249 (50 atoms) on core (1, 0, 13) 
  Slice 250:299 (50 atoms) on core (1, 0, 14) 

**** Vertex: 'expoisson'
Model: SpikeSourcePoisson
Pop size: 20
Sub-vertices: 
  Slice 0:19 (20 atoms) on core (1, 0, 15) 

